<?xml version="1.0" encoding="UTF-8"?>
<!-- Generated by org.testng.reporters.JUnitReportReporter -->
<testsuite hostname="Prashanthi" failures="0" tests="2" name="basehelper1.Array" time="0.012" errors="0" timestamp="2024-01-12T17:35:53 MST" skipped="0">
  <testcase classname="basehelper1.Array" name="hashMapEx" time="0.002"/>
  <system-out/>
  <testcase classname="basehelper1.Array" name="arrlist" time="0.010"/>
  <system-out/>
</testsuite> <!-- basehelper1.Array -->
