<?xml version="1.0" encoding="UTF-8"?>
<!-- Generated by org.testng.reporters.JUnitReportReporter -->
<testsuite hostname="Prashanthis-MacBook-Air.local" failures="0" tests="1" name="com.testscripts1.Logintest1" time="12.283" errors="0" timestamp="2023-12-15T09:32:55 MST" skipped="0">
  <testcase classname="com.testscripts1.Logintest1" name="loginTest" time="12.283"/>
  <system-out/>
</testsuite> <!-- com.testscripts1.Logintest1 -->
