<?xml version="1.0" encoding="UTF-8"?>
<!-- Generated by org.testng.reporters.JUnitReportReporter -->
<testsuite hostname="Prashanthi" failures="0" tests="1" name="com.testscripts1.Testcase2" time="2.801" errors="0" timestamp="2024-01-10T21:26:43 MST" skipped="0">
  <testcase classname="com.testscripts1.Testcase2" name="testcase" time="2.801"/>
  <system-out/>
</testsuite> <!-- com.testscripts1.Testcase2 -->
