<?xml version="1.0" encoding="UTF-8"?>
<!-- Generated by org.testng.reporters.JUnitReportReporter -->
<testsuite hostname="Prashanthi" failures="0" tests="1" name="com.practicetests.ArrayPractice" time="0.007" errors="0" timestamp="2024-01-19T17:16:18 MST" skipped="0">
  <testcase classname="com.practicetests.ArrayPractice" name="hashmapIteration" time="0.007"/>
  <system-out/>
</testsuite> <!-- com.practicetests.ArrayPractice -->
