<?xml version="1.0" encoding="UTF-8"?>
<!-- Generated by org.testng.reporters.JUnitReportReporter -->
<testsuite hostname="Prashanthi" failures="0" tests="1" name="basehelper1.ForLoopMethod" time="0.007" errors="0" timestamp="2024-01-18T21:05:29 MST" skipped="0">
  <testcase classname="basehelper1.ForLoopMethod" name="setEX" time="0.007"/>
  <system-out/>
</testsuite> <!-- basehelper1.ForLoopMethod -->
